<?xml version="1.0" encoding="UTF-8"?>
<testsuite xmlns:xsi="http://www.w3.org/2001/XMLSchema-instance" xsi:noNamespaceSchemaLocation="https://maven.apache.org/surefire/maven-surefire-plugin/xsd/surefire-test-report-3.0.xsd" version="3.0" name="practice_10.MyStringReverseTest" time="0.049" tests="6" errors="0" skipped="0" failures="0">
  <properties>
    <property name="java.specification.version" value="17"/>
    <property name="sun.jnu.encoding" value="UTF-8"/>
    <property name="java.class.path" value="/Users/ruslan/Desktop/Homework/java_for_testers/express-java1/target/test-classes:/Users/ruslan/Desktop/Homework/java_for_testers/express-java1/target/classes:/Users/ruslan/.m2/repository/org/junit/jupiter/junit-jupiter-api/5.13.4/junit-jupiter-api-5.13.4.jar:/Users/ruslan/.m2/repository/org/opentest4j/opentest4j/1.3.0/opentest4j-1.3.0.jar:/Users/ruslan/.m2/repository/org/junit/platform/junit-platform-commons/1.13.4/junit-platform-commons-1.13.4.jar:/Users/ruslan/.m2/repository/org/apiguardian/apiguardian-api/1.1.2/apiguardian-api-1.1.2.jar:/Users/ruslan/.m2/repository/org/junit/jupiter/junit-jupiter-engine/5.13.4/junit-jupiter-engine-5.13.4.jar:/Users/ruslan/.m2/repository/org/junit/platform/junit-platform-engine/1.13.4/junit-platform-engine-1.13.4.jar:/Users/ruslan/.m2/repository/org/junit/jupiter/junit-jupiter-params/5.13.4/junit-jupiter-params-5.13.4.jar:/Users/ruslan/.m2/repository/org/slf4j/slf4j-api/2.0.17/slf4j-api-2.0.17.jar:/Users/ruslan/.m2/repository/ch/qos/logback/logback-classic/1.5.18/logback-classic-1.5.18.jar:/Users/ruslan/.m2/repository/ch/qos/logback/logback-core/1.5.18/logback-core-1.5.18.jar:/Users/ruslan/.m2/repository/com/fasterxml/jackson/core/jackson-databind/2.20.0/jackson-databind-2.20.0.jar:/Users/ruslan/.m2/repository/com/fasterxml/jackson/core/jackson-annotations/2.20/jackson-annotations-2.20.jar:/Users/ruslan/.m2/repository/com/fasterxml/jackson/core/jackson-core/2.20.0/jackson-core-2.20.0.jar:/Users/ruslan/.m2/repository/org/apache/httpcomponents/client5/httpclient5/5.5.1/httpclient5-5.5.1.jar:/Users/ruslan/.m2/repository/org/apache/httpcomponents/core5/httpcore5/5.3.6/httpcore5-5.3.6.jar:/Users/ruslan/.m2/repository/org/apache/httpcomponents/core5/httpcore5-h2/5.3.6/httpcore5-h2-5.3.6.jar:"/>
    <property name="java.vm.vendor" value="Azul Systems, Inc."/>
    <property name="sun.arch.data.model" value="64"/>
    <property name="java.vendor.url" value="http://www.azul.com/"/>
    <property name="os.name" value="Mac OS X"/>
    <property name="java.vm.specification.version" value="17"/>
    <property name="sun.java.launcher" value="SUN_STANDARD"/>
    <property name="user.country" value="RU"/>
    <property name="sun.boot.library.path" value="/Users/ruslan/.sdkman/candidates/java/17.0.12.fx-zulu/zulu-17.jdk/Contents/Home/lib"/>
    <property name="sun.java.command" value="/Users/ruslan/Desktop/Homework/java_for_testers/express-java1/target/surefire/surefirebooter-20251006231133615_3.jar /Users/ruslan/Desktop/Homework/java_for_testers/express-java1/target/surefire 2025-10-06T23-11-33_371-jvmRun1 surefire-20251006231133615_1tmp surefire_0-20251006231133615_2tmp"/>
    <property name="http.nonProxyHosts" value="local|*.local|169.254/16|*.169.254/16"/>
    <property name="jdk.debug" value="release"/>
    <property name="surefire.test.class.path" value="/Users/ruslan/Desktop/Homework/java_for_testers/express-java1/target/test-classes:/Users/ruslan/Desktop/Homework/java_for_testers/express-java1/target/classes:/Users/ruslan/.m2/repository/org/junit/jupiter/junit-jupiter-api/5.13.4/junit-jupiter-api-5.13.4.jar:/Users/ruslan/.m2/repository/org/opentest4j/opentest4j/1.3.0/opentest4j-1.3.0.jar:/Users/ruslan/.m2/repository/org/junit/platform/junit-platform-commons/1.13.4/junit-platform-commons-1.13.4.jar:/Users/ruslan/.m2/repository/org/apiguardian/apiguardian-api/1.1.2/apiguardian-api-1.1.2.jar:/Users/ruslan/.m2/repository/org/junit/jupiter/junit-jupiter-engine/5.13.4/junit-jupiter-engine-5.13.4.jar:/Users/ruslan/.m2/repository/org/junit/platform/junit-platform-engine/1.13.4/junit-platform-engine-1.13.4.jar:/Users/ruslan/.m2/repository/org/junit/jupiter/junit-jupiter-params/5.13.4/junit-jupiter-params-5.13.4.jar:/Users/ruslan/.m2/repository/org/slf4j/slf4j-api/2.0.17/slf4j-api-2.0.17.jar:/Users/ruslan/.m2/repository/ch/qos/logback/logback-classic/1.5.18/logback-classic-1.5.18.jar:/Users/ruslan/.m2/repository/ch/qos/logback/logback-core/1.5.18/logback-core-1.5.18.jar:/Users/ruslan/.m2/repository/com/fasterxml/jackson/core/jackson-databind/2.20.0/jackson-databind-2.20.0.jar:/Users/ruslan/.m2/repository/com/fasterxml/jackson/core/jackson-annotations/2.20/jackson-annotations-2.20.jar:/Users/ruslan/.m2/repository/com/fasterxml/jackson/core/jackson-core/2.20.0/jackson-core-2.20.0.jar:/Users/ruslan/.m2/repository/org/apache/httpcomponents/client5/httpclient5/5.5.1/httpclient5-5.5.1.jar:/Users/ruslan/.m2/repository/org/apache/httpcomponents/core5/httpcore5/5.3.6/httpcore5-5.3.6.jar:/Users/ruslan/.m2/repository/org/apache/httpcomponents/core5/httpcore5-h2/5.3.6/httpcore5-h2-5.3.6.jar:"/>
    <property name="sun.cpu.endian" value="little"/>
    <property name="user.home" value="/Users/ruslan"/>
    <property name="user.language" value="ru"/>
    <property name="java.specification.vendor" value="Oracle Corporation"/>
    <property name="java.version.date" value="2024-07-16"/>
    <property name="java.home" value="/Users/ruslan/.sdkman/candidates/java/17.0.12.fx-zulu/zulu-17.jdk/Contents/Home"/>
    <property name="file.separator" value="/"/>
    <property name="basedir" value="/Users/ruslan/Desktop/Homework/java_for_testers/express-java1"/>
    <property name="java.vm.compressedOopsMode" value="Zero based"/>
    <property name="line.separator" value="&#10;"/>
    <property name="java.specification.name" value="Java Platform API Specification"/>
    <property name="java.vm.specification.vendor" value="Oracle Corporation"/>
    <property name="surefire.real.class.path" value="/Users/ruslan/Desktop/Homework/java_for_testers/express-java1/target/surefire/surefirebooter-20251006231133615_3.jar"/>
    <property name="sun.management.compiler" value="HotSpot 64-Bit Tiered Compilers"/>
    <property name="ftp.nonProxyHosts" value="local|*.local|169.254/16|*.169.254/16"/>
    <property name="java.runtime.version" value="17.0.12+7-LTS"/>
    <property name="user.name" value="ruslan"/>
    <property name="path.separator" value=":"/>
    <property name="os.version" value="26.0.1"/>
    <property name="java.runtime.name" value="OpenJDK Runtime Environment"/>
    <property name="file.encoding" value="UTF-8"/>
    <property name="java.vm.name" value="OpenJDK 64-Bit Server VM"/>
    <property name="java.vendor.version" value="Zulu17.52+17-CA"/>
    <property name="localRepository" value="/Users/ruslan/.m2/repository"/>
    <property name="java.vendor.url.bug" value="http://www.azul.com/support/"/>
    <property name="java.io.tmpdir" value="/var/folders/p8/4x9b6fmj4r9763ssq1d2wwvh0000gn/T/"/>
    <property name="java.version" value="17.0.12"/>
    <property name="user.dir" value="/Users/ruslan/Desktop/Homework/java_for_testers/express-java1"/>
    <property name="os.arch" value="x86_64"/>
    <property name="java.vm.specification.name" value="Java Virtual Machine Specification"/>
    <property name="native.encoding" value="UTF-8"/>
    <property name="java.library.path" value="/Users/ruslan/Library/Java/Extensions:/Library/Java/Extensions:/Network/Library/Java/Extensions:/System/Library/Java/Extensions:/usr/lib/java:."/>
    <property name="java.vm.info" value="mixed mode, sharing"/>
    <property name="java.vendor" value="Azul Systems, Inc."/>
    <property name="java.vm.version" value="17.0.12+7-LTS"/>
    <property name="sun.io.unicode.encoding" value="UnicodeBig"/>
    <property name="socksNonProxyHosts" value="local|*.local|169.254/16|*.169.254/16"/>
    <property name="java.class.version" value="61.0"/>
  </properties>
  <testcase name="testReverseString(String, String)[1]" classname="practice_10.MyStringReverseTest" time="0.002"/>
  <testcase name="testReverseString(String, String)[2]" classname="practice_10.MyStringReverseTest" time="0.002"/>
  <testcase name="testReverseString(String, String)[3]" classname="practice_10.MyStringReverseTest" time="0.0"/>
  <testcase name="testReverseString(String, String)[4]" classname="practice_10.MyStringReverseTest" time="0.001"/>
  <testcase name="testReverseString(String, String)[5]" classname="practice_10.MyStringReverseTest" time="0.001"/>
  <testcase name="testNullInput" classname="practice_10.MyStringReverseTest" time="0.002"/>
</testsuite>